I, [2014-12-16T09:28:55.558802 #10382]  INFO -- : 0:  awesome_print (1.2.0) from /home/jet/.rvm/gems/ruby-2.1.0@global/specifications/awesome_print-1.2.0.gemspec
I, [2014-12-16T09:28:55.559237 #10382]  INFO -- : 0:  coderay (1.1.0) from /home/jet/.rvm/gems/ruby-2.1.0@global/specifications/coderay-1.1.0.gemspec
I, [2014-12-16T09:28:55.559545 #10382]  INFO -- : 0:  method_source (0.8.2) from /home/jet/.rvm/gems/ruby-2.1.0@global/specifications/method_source-0.8.2.gemspec
I, [2014-12-16T09:28:55.559886 #10382]  INFO -- : 0:  slop (3.6.0) from /home/jet/.rvm/gems/ruby-2.1.0@rebuild_rails/specifications/slop-3.6.0.gemspec
I, [2014-12-16T09:28:55.560188 #10382]  INFO -- : 0:  pry (0.10.1) from /home/jet/.rvm/gems/ruby-2.1.0@rebuild_rails/specifications/pry-0.10.1.gemspec
I, [2014-12-16T09:28:55.560509 #10382]  INFO -- : 0:  rack (1.5.2) from /home/jet/.rvm/gems/ruby-2.1.0@rebuild_rails/specifications/rack-1.5.2.gemspec
I, [2014-12-16T09:28:55.671007 #10382]  INFO -- : 0:  rulers (0.0.2) from /home/jet/Code_Fellows/project/rebuild-rails/rulers/rulers.gemspec
I, [2014-12-16T09:28:55.671385 #10382]  INFO -- : 0:  bundler (1.5.0) from /home/jet/.rvm/gems/ruby-2.1.0@global/specifications/bundler-1.5.0.gemspec
I, [2014-12-16T09:29:55.216803 #10389]  INFO -- : 0:  awesome_print (1.2.0) from /home/jet/.rvm/gems/ruby-2.1.0@global/specifications/awesome_print-1.2.0.gemspec
I, [2014-12-16T09:29:55.217219 #10389]  INFO -- : 0:  coderay (1.1.0) from /home/jet/.rvm/gems/ruby-2.1.0@global/specifications/coderay-1.1.0.gemspec
I, [2014-12-16T09:29:55.217530 #10389]  INFO -- : 0:  method_source (0.8.2) from /home/jet/.rvm/gems/ruby-2.1.0@global/specifications/method_source-0.8.2.gemspec
I, [2014-12-16T09:29:55.217829 #10389]  INFO -- : 0:  slop (3.6.0) from /home/jet/.rvm/gems/ruby-2.1.0@rebuild_rails/specifications/slop-3.6.0.gemspec
I, [2014-12-16T09:29:55.218114 #10389]  INFO -- : 0:  pry (0.10.1) from /home/jet/.rvm/gems/ruby-2.1.0@rebuild_rails/specifications/pry-0.10.1.gemspec
I, [2014-12-16T09:29:55.218409 #10389]  INFO -- : 0:  rack (1.5.2) from /home/jet/.rvm/gems/ruby-2.1.0@rebuild_rails/specifications/rack-1.5.2.gemspec
I, [2014-12-16T09:29:55.258717 #10389]  INFO -- : 0:  rulers (0.0.2) from /home/jet/Code_Fellows/project/rebuild-rails/rulers/rulers.gemspec
I, [2014-12-16T09:29:55.259099 #10389]  INFO -- : 0:  bundler (1.5.0) from /home/jet/.rvm/gems/ruby-2.1.0@global/specifications/bundler-1.5.0.gemspec
I, [2014-12-16T09:44:42.748690 #10494]  INFO -- : 0:  awesome_print (1.2.0) from /home/jet/.rvm/gems/ruby-2.1.0@global/specifications/awesome_print-1.2.0.gemspec
I, [2014-12-16T09:44:42.749101 #10494]  INFO -- : 0:  debug_inspector (0.0.2) from /home/jet/.rvm/gems/ruby-2.1.0@global/specifications/debug_inspector-0.0.2.gemspec
I, [2014-12-16T09:44:42.749405 #10494]  INFO -- : 0:  binding_of_caller (0.7.2) from /home/jet/.rvm/gems/ruby-2.1.0@global/specifications/binding_of_caller-0.7.2.gemspec
I, [2014-12-16T09:44:42.749703 #10494]  INFO -- : 0:  columnize (0.9.0) from /home/jet/.rvm/gems/ruby-2.1.0@rebuild_rails/specifications/columnize-0.9.0.gemspec
I, [2014-12-16T09:44:42.749999 #10494]  INFO -- : 0:  debugger-linecache (1.2.0) from /home/jet/.rvm/gems/ruby-2.1.0@global/specifications/debugger-linecache-1.2.0.gemspec
I, [2014-12-16T09:44:42.750293 #10494]  INFO -- : 0:  slop (3.6.0) from /home/jet/.rvm/gems/ruby-2.1.0@rebuild_rails/specifications/slop-3.6.0.gemspec
I, [2014-12-16T09:44:42.750617 #10494]  INFO -- : 0:  byebug (3.5.1) from /home/jet/.rvm/gems/ruby-2.1.0@rebuild_rails/specifications/byebug-3.5.1.gemspec
I, [2014-12-16T09:44:42.750932 #10494]  INFO -- : 0:  coderay (1.1.0) from /home/jet/.rvm/gems/ruby-2.1.0@global/specifications/coderay-1.1.0.gemspec
I, [2014-12-16T09:44:42.751260 #10494]  INFO -- : 0:  method_source (0.8.2) from /home/jet/.rvm/gems/ruby-2.1.0@global/specifications/method_source-0.8.2.gemspec
I, [2014-12-16T09:44:42.751543 #10494]  INFO -- : 0:  pry (0.10.1) from /home/jet/.rvm/gems/ruby-2.1.0@rebuild_rails/specifications/pry-0.10.1.gemspec
I, [2014-12-16T09:44:42.751855 #10494]  INFO -- : 0:  pry-byebug (2.0.0) from /home/jet/.rvm/gems/ruby-2.1.0@rebuild_rails/specifications/pry-byebug-2.0.0.gemspec
I, [2014-12-16T09:44:42.752181 #10494]  INFO -- : 0:  pry-nav (0.2.4) from /home/jet/.rvm/gems/ruby-2.1.0@rebuild_rails/specifications/pry-nav-0.2.4.gemspec
I, [2014-12-16T09:44:42.752491 #10494]  INFO -- : 0:  pry-stack_explorer (0.4.9.1) from /home/jet/.rvm/gems/ruby-2.1.0@rebuild_rails/specifications/pry-stack_explorer-0.4.9.1.gemspec
I, [2014-12-16T09:44:42.752775 #10494]  INFO -- : 0:  rack (1.5.2) from /home/jet/.rvm/gems/ruby-2.1.0@rebuild_rails/specifications/rack-1.5.2.gemspec
I, [2014-12-16T09:44:42.795800 #10494]  INFO -- : 0:  rulers (0.0.2) from /home/jet/Code_Fellows/project/rebuild-rails/rulers/rulers.gemspec
I, [2014-12-16T09:44:42.796211 #10494]  INFO -- : 0:  bundler (1.5.0) from /home/jet/.rvm/gems/ruby-2.1.0@global/specifications/bundler-1.5.0.gemspec
I, [2014-12-16T09:49:30.020118 #10533]  INFO -- : 0:  awesome_print (1.2.0) from /home/jet/.rvm/gems/ruby-2.1.0@global/specifications/awesome_print-1.2.0.gemspec
I, [2014-12-16T09:49:30.020585 #10533]  INFO -- : 0:  debug_inspector (0.0.2) from /home/jet/.rvm/gems/ruby-2.1.0@global/specifications/debug_inspector-0.0.2.gemspec
I, [2014-12-16T09:49:30.020892 #10533]  INFO -- : 0:  binding_of_caller (0.7.2) from /home/jet/.rvm/gems/ruby-2.1.0@global/specifications/binding_of_caller-0.7.2.gemspec
I, [2014-12-16T09:49:30.021193 #10533]  INFO -- : 0:  columnize (0.9.0) from /home/jet/.rvm/gems/ruby-2.1.0@rebuild_rails/specifications/columnize-0.9.0.gemspec
I, [2014-12-16T09:49:30.021488 #10533]  INFO -- : 0:  debugger-linecache (1.2.0) from /home/jet/.rvm/gems/ruby-2.1.0@global/specifications/debugger-linecache-1.2.0.gemspec
I, [2014-12-16T09:49:30.021784 #10533]  INFO -- : 0:  slop (3.6.0) from /home/jet/.rvm/gems/ruby-2.1.0@rebuild_rails/specifications/slop-3.6.0.gemspec
I, [2014-12-16T09:49:30.022093 #10533]  INFO -- : 0:  byebug (3.5.1) from /home/jet/.rvm/gems/ruby-2.1.0@rebuild_rails/specifications/byebug-3.5.1.gemspec
I, [2014-12-16T09:49:30.022370 #10533]  INFO -- : 0:  coderay (1.1.0) from /home/jet/.rvm/gems/ruby-2.1.0@global/specifications/coderay-1.1.0.gemspec
I, [2014-12-16T09:49:30.022709 #10533]  INFO -- : 0:  method_source (0.8.2) from /home/jet/.rvm/gems/ruby-2.1.0@global/specifications/method_source-0.8.2.gemspec
I, [2014-12-16T09:49:30.023031 #10533]  INFO -- : 0:  pry (0.10.1) from /home/jet/.rvm/gems/ruby-2.1.0@rebuild_rails/specifications/pry-0.10.1.gemspec
I, [2014-12-16T09:49:30.023345 #10533]  INFO -- : 0:  pry-byebug (2.0.0) from /home/jet/.rvm/gems/ruby-2.1.0@rebuild_rails/specifications/pry-byebug-2.0.0.gemspec
I, [2014-12-16T09:49:30.023642 #10533]  INFO -- : 0:  pry-nav (0.2.4) from /home/jet/.rvm/gems/ruby-2.1.0@rebuild_rails/specifications/pry-nav-0.2.4.gemspec
I, [2014-12-16T09:49:30.023963 #10533]  INFO -- : 0:  pry-stack_explorer (0.4.9.1) from /home/jet/.rvm/gems/ruby-2.1.0@rebuild_rails/specifications/pry-stack_explorer-0.4.9.1.gemspec
I, [2014-12-16T09:49:30.024275 #10533]  INFO -- : 0:  rack (1.5.2) from /home/jet/.rvm/gems/ruby-2.1.0@rebuild_rails/specifications/rack-1.5.2.gemspec
I, [2014-12-16T09:49:30.067500 #10533]  INFO -- : 0:  rulers (0.0.2) from /home/jet/Code_Fellows/project/rebuild-rails/rulers/rulers.gemspec
I, [2014-12-16T09:49:30.067882 #10533]  INFO -- : 0:  bundler (1.5.0) from /home/jet/.rvm/gems/ruby-2.1.0@global/specifications/bundler-1.5.0.gemspec
I, [2014-12-16T10:08:07.093347 #10602]  INFO -- : 0:  awesome_print (1.2.0) from /home/jet/.rvm/gems/ruby-2.1.0@global/specifications/awesome_print-1.2.0.gemspec
I, [2014-12-16T10:08:07.093760 #10602]  INFO -- : 0:  debug_inspector (0.0.2) from /home/jet/.rvm/gems/ruby-2.1.0@global/specifications/debug_inspector-0.0.2.gemspec
I, [2014-12-16T10:08:07.094050 #10602]  INFO -- : 0:  binding_of_caller (0.7.2) from /home/jet/.rvm/gems/ruby-2.1.0@global/specifications/binding_of_caller-0.7.2.gemspec
I, [2014-12-16T10:08:07.094363 #10602]  INFO -- : 0:  columnize (0.9.0) from /home/jet/.rvm/gems/ruby-2.1.0@rebuild_rails/specifications/columnize-0.9.0.gemspec
I, [2014-12-16T10:08:07.094644 #10602]  INFO -- : 0:  debugger-linecache (1.2.0) from /home/jet/.rvm/gems/ruby-2.1.0@global/specifications/debugger-linecache-1.2.0.gemspec
I, [2014-12-16T10:08:07.094951 #10602]  INFO -- : 0:  slop (3.6.0) from /home/jet/.rvm/gems/ruby-2.1.0@rebuild_rails/specifications/slop-3.6.0.gemspec
I, [2014-12-16T10:08:07.095249 #10602]  INFO -- : 0:  byebug (3.5.1) from /home/jet/.rvm/gems/ruby-2.1.0@rebuild_rails/specifications/byebug-3.5.1.gemspec
I, [2014-12-16T10:08:07.095525 #10602]  INFO -- : 0:  hitimes (1.2.2) from /home/jet/.rvm/gems/ruby-2.1.0@rebuild_rails/specifications/hitimes-1.2.2.gemspec
I, [2014-12-16T10:08:07.095832 #10602]  INFO -- : 0:  timers (4.0.1) from /home/jet/.rvm/gems/ruby-2.1.0@rebuild_rails/specifications/timers-4.0.1.gemspec
I, [2014-12-16T10:08:07.096148 #10602]  INFO -- : 0:  celluloid (0.16.0) from /home/jet/.rvm/gems/ruby-2.1.0@rebuild_rails/specifications/celluloid-0.16.0.gemspec
I, [2014-12-16T10:08:07.096481 #10602]  INFO -- : 0:  coderay (1.1.0) from /home/jet/.rvm/gems/ruby-2.1.0@global/specifications/coderay-1.1.0.gemspec
I, [2014-12-16T10:08:07.096816 #10602]  INFO -- : 0:  ffi (1.9.6) from /home/jet/.rvm/gems/ruby-2.1.0@rebuild_rails/specifications/ffi-1.9.6.gemspec
I, [2014-12-16T10:08:07.097134 #10602]  INFO -- : 0:  rb-fsevent (0.9.4) from /home/jet/.rvm/gems/ruby-2.1.0@rebuild_rails/specifications/rb-fsevent-0.9.4.gemspec
I, [2014-12-16T10:08:07.097442 #10602]  INFO -- : 0:  rb-inotify (0.9.5) from /home/jet/.rvm/gems/ruby-2.1.0@rebuild_rails/specifications/rb-inotify-0.9.5.gemspec
I, [2014-12-16T10:08:07.097771 #10602]  INFO -- : 0:  listen (2.8.3) from /home/jet/.rvm/gems/ruby-2.1.0@rebuild_rails/specifications/listen-2.8.3.gemspec
I, [2014-12-16T10:08:07.098072 #10602]  INFO -- : 0:  method_source (0.8.2) from /home/jet/.rvm/gems/ruby-2.1.0@global/specifications/method_source-0.8.2.gemspec
I, [2014-12-16T10:08:07.098361 #10602]  INFO -- : 0:  pry (0.10.1) from /home/jet/.rvm/gems/ruby-2.1.0@rebuild_rails/specifications/pry-0.10.1.gemspec
I, [2014-12-16T10:08:07.098670 #10602]  INFO -- : 0:  pry-byebug (2.0.0) from /home/jet/.rvm/gems/ruby-2.1.0@rebuild_rails/specifications/pry-byebug-2.0.0.gemspec
I, [2014-12-16T10:08:07.098987 #10602]  INFO -- : 0:  pry-nav (0.2.4) from /home/jet/.rvm/gems/ruby-2.1.0@rebuild_rails/specifications/pry-nav-0.2.4.gemspec
I, [2014-12-16T10:08:07.099331 #10602]  INFO -- : 0:  pry-stack_explorer (0.4.9.1) from /home/jet/.rvm/gems/ruby-2.1.0@rebuild_rails/specifications/pry-stack_explorer-0.4.9.1.gemspec
I, [2014-12-16T10:08:07.099606 #10602]  INFO -- : 0:  rack (1.5.2) from /home/jet/.rvm/gems/ruby-2.1.0@rebuild_rails/specifications/rack-1.5.2.gemspec
I, [2014-12-16T10:08:07.099919 #10602]  INFO -- : 0:  rerun (0.10.0) from /home/jet/.rvm/gems/ruby-2.1.0@rebuild_rails/specifications/rerun-0.10.0.gemspec
I, [2014-12-16T10:08:07.143092 #10602]  INFO -- : 0:  rulers (0.0.2) from /home/jet/Code_Fellows/project/rebuild-rails/rulers/rulers.gemspec
I, [2014-12-16T10:08:07.143474 #10602]  INFO -- : 0:  bundler (1.5.0) from /home/jet/.rvm/gems/ruby-2.1.0@global/specifications/bundler-1.5.0.gemspec
I, [2014-12-16T10:44:54.329814 #11240]  INFO -- : 0:  awesome_print (1.2.0) from /home/jet/.rvm/gems/ruby-2.1.0@global/specifications/awesome_print-1.2.0.gemspec
I, [2014-12-16T10:44:54.330231 #11240]  INFO -- : 0:  debug_inspector (0.0.2) from /home/jet/.rvm/gems/ruby-2.1.0@global/specifications/debug_inspector-0.0.2.gemspec
I, [2014-12-16T10:44:54.330555 #11240]  INFO -- : 0:  binding_of_caller (0.7.2) from /home/jet/.rvm/gems/ruby-2.1.0@global/specifications/binding_of_caller-0.7.2.gemspec
I, [2014-12-16T10:44:54.330941 #11240]  INFO -- : 0:  columnize (0.9.0) from /home/jet/.rvm/gems/ruby-2.1.0@rebuild_rails/specifications/columnize-0.9.0.gemspec
I, [2014-12-16T10:44:54.331251 #11240]  INFO -- : 0:  debugger-linecache (1.2.0) from /home/jet/.rvm/gems/ruby-2.1.0@global/specifications/debugger-linecache-1.2.0.gemspec
I, [2014-12-16T10:44:54.331561 #11240]  INFO -- : 0:  slop (3.6.0) from /home/jet/.rvm/gems/ruby-2.1.0@rebuild_rails/specifications/slop-3.6.0.gemspec
I, [2014-12-16T10:44:54.331913 #11240]  INFO -- : 0:  byebug (3.5.1) from /home/jet/.rvm/gems/ruby-2.1.0@rebuild_rails/specifications/byebug-3.5.1.gemspec
I, [2014-12-16T10:44:54.332229 #11240]  INFO -- : 0:  hitimes (1.2.2) from /home/jet/.rvm/gems/ruby-2.1.0@rebuild_rails/specifications/hitimes-1.2.2.gemspec
I, [2014-12-16T10:44:54.332592 #11240]  INFO -- : 0:  timers (4.0.1) from /home/jet/.rvm/gems/ruby-2.1.0@rebuild_rails/specifications/timers-4.0.1.gemspec
I, [2014-12-16T10:44:54.332906 #11240]  INFO -- : 0:  celluloid (0.16.0) from /home/jet/.rvm/gems/ruby-2.1.0@rebuild_rails/specifications/celluloid-0.16.0.gemspec
I, [2014-12-16T10:44:54.333220 #11240]  INFO -- : 0:  coderay (1.1.0) from /home/jet/.rvm/gems/ruby-2.1.0@global/specifications/coderay-1.1.0.gemspec
I, [2014-12-16T10:44:54.333498 #11240]  INFO -- : 0:  erubis (2.7.0) from /home/jet/.rvm/gems/ruby-2.1.0@global/specifications/erubis-2.7.0.gemspec
I, [2014-12-16T10:44:54.333785 #11240]  INFO -- : 0:  ffi (1.9.6) from /home/jet/.rvm/gems/ruby-2.1.0@rebuild_rails/specifications/ffi-1.9.6.gemspec
I, [2014-12-16T10:44:54.334099 #11240]  INFO -- : 0:  rb-fsevent (0.9.4) from /home/jet/.rvm/gems/ruby-2.1.0@rebuild_rails/specifications/rb-fsevent-0.9.4.gemspec
I, [2014-12-16T10:44:54.334406 #11240]  INFO -- : 0:  rb-inotify (0.9.5) from /home/jet/.rvm/gems/ruby-2.1.0@rebuild_rails/specifications/rb-inotify-0.9.5.gemspec
I, [2014-12-16T10:44:54.334768 #11240]  INFO -- : 0:  listen (2.8.3) from /home/jet/.rvm/gems/ruby-2.1.0@rebuild_rails/specifications/listen-2.8.3.gemspec
I, [2014-12-16T10:44:54.335081 #11240]  INFO -- : 0:  method_source (0.8.2) from /home/jet/.rvm/gems/ruby-2.1.0@global/specifications/method_source-0.8.2.gemspec
I, [2014-12-16T10:44:54.335413 #11240]  INFO -- : 0:  pry (0.10.1) from /home/jet/.rvm/gems/ruby-2.1.0@rebuild_rails/specifications/pry-0.10.1.gemspec
I, [2014-12-16T10:44:54.335697 #11240]  INFO -- : 0:  pry-byebug (2.0.0) from /home/jet/.rvm/gems/ruby-2.1.0@rebuild_rails/specifications/pry-byebug-2.0.0.gemspec
I, [2014-12-16T10:44:54.336006 #11240]  INFO -- : 0:  pry-nav (0.2.4) from /home/jet/.rvm/gems/ruby-2.1.0@rebuild_rails/specifications/pry-nav-0.2.4.gemspec
I, [2014-12-16T10:44:54.336358 #11240]  INFO -- : 0:  pry-stack_explorer (0.4.9.1) from /home/jet/.rvm/gems/ruby-2.1.0@rebuild_rails/specifications/pry-stack_explorer-0.4.9.1.gemspec
I, [2014-12-16T10:44:54.336674 #11240]  INFO -- : 0:  rack (1.5.2) from /home/jet/.rvm/gems/ruby-2.1.0@rebuild_rails/specifications/rack-1.5.2.gemspec
I, [2014-12-16T10:44:54.336959 #11240]  INFO -- : 0:  rerun (0.10.0) from /home/jet/.rvm/gems/ruby-2.1.0@rebuild_rails/specifications/rerun-0.10.0.gemspec
I, [2014-12-16T10:44:54.381148 #11240]  INFO -- : 0:  rulers (0.0.2) from /home/jet/Code_Fellows/project/rebuild-rails/rulers/rulers.gemspec
I, [2014-12-16T10:44:54.381497 #11240]  INFO -- : 0:  bundler (1.5.0) from /home/jet/.rvm/gems/ruby-2.1.0@global/specifications/bundler-1.5.0.gemspec
